<?xml version="1.0" encoding="UTF-8"?>
<testng-results ignored="0" total="4" passed="4" failed="0" skipped="0">
  <reporter-output>
  </reporter-output>
  <suite started-at="2022-02-09T11:52:12 IST" name="Suite" finished-at="2022-02-09T11:55:08 IST" duration-ms="176046">
    <groups>
    </groups>
    <test started-at="2022-02-09T11:52:12 IST" name="Validating user login" finished-at="2022-02-09T11:52:54 IST" duration-ms="42747">
      <class name="Automation.homepage">
        <test-method is-config="true" signature="initialise()[pri:0, instance:Automation.homepage@28ee7bee]" started-at="2022-02-09T11:52:12 IST" name="initialise" finished-at="2022-02-09T11:52:46 IST" duration-ms="33746" status="PASS">
          <reporter-output>
          </reporter-output>
        </test-method> <!-- initialise -->
        <test-method signature="ValidateLogin()[pri:0, instance:Automation.homepage@28ee7bee]" started-at="2022-02-09T11:52:46 IST" name="ValidateLogin" finished-at="2022-02-09T11:52:54 IST" duration-ms="8468" status="PASS">
          <reporter-output>
          </reporter-output>
        </test-method> <!-- ValidateLogin -->
        <test-method is-config="true" signature="teardown()[pri:0, instance:Automation.homepage@28ee7bee]" started-at="2022-02-09T11:52:54 IST" name="teardown" finished-at="2022-02-09T11:52:54 IST" duration-ms="419" status="PASS">
          <reporter-output>
          </reporter-output>
        </test-method> <!-- teardown -->
      </class> <!-- Automation.homepage -->
    </test> <!-- Validating user login -->
    <test started-at="2022-02-09T11:52:55 IST" name="Validating user signup" finished-at="2022-02-09T11:53:47 IST" duration-ms="51469">
      <class name="Automation.SignupPageTest">
        <test-method is-config="true" signature="initialise()[pri:0, instance:Automation.SignupPageTest@5e5aafc6]" started-at="2022-02-09T11:52:55 IST" name="initialise" finished-at="2022-02-09T11:53:43 IST" duration-ms="48131" status="PASS">
          <reporter-output>
          </reporter-output>
        </test-method> <!-- initialise -->
        <test-method signature="ValidateSignup()[pri:0, instance:Automation.SignupPageTest@5e5aafc6]" started-at="2022-02-09T11:53:43 IST" name="ValidateSignup" finished-at="2022-02-09T11:53:47 IST" duration-ms="3331" status="PASS">
          <reporter-output>
          </reporter-output>
        </test-method> <!-- ValidateSignup -->
      </class> <!-- Automation.SignupPageTest -->
    </test> <!-- Validating user signup -->
    <test started-at="2022-02-09T11:53:47 IST" name="Validating Navigation bar" finished-at="2022-02-09T11:54:28 IST" duration-ms="41709">
      <class name="Automation.ValidateNavigationBar">
        <test-method is-config="true" signature="initialise()[pri:0, instance:Automation.ValidateNavigationBar@56f730b2]" started-at="2022-02-09T11:53:47 IST" name="initialise" finished-at="2022-02-09T11:54:28 IST" duration-ms="40951" status="PASS">
          <reporter-output>
          </reporter-output>
        </test-method> <!-- initialise -->
        <test-method signature="ValidateNavigation()[pri:0, instance:Automation.ValidateNavigationBar@56f730b2]" started-at="2022-02-09T11:54:28 IST" name="ValidateNavigation" finished-at="2022-02-09T11:54:28 IST" duration-ms="316" status="PASS">
          <reporter-output>
          </reporter-output>
        </test-method> <!-- ValidateNavigation -->
        <test-method is-config="true" signature="teardown()[pri:0, instance:Automation.ValidateNavigationBar@56f730b2]" started-at="2022-02-09T11:54:28 IST" name="teardown" finished-at="2022-02-09T11:54:28 IST" duration-ms="437" status="PASS">
          <reporter-output>
          </reporter-output>
        </test-method> <!-- teardown -->
      </class> <!-- Automation.ValidateNavigationBar -->
    </test> <!-- Validating Navigation bar -->
    <test started-at="2022-02-09T11:54:29 IST" name="Validating title in the homepage" finished-at="2022-02-09T11:55:08 IST" duration-ms="39295">
      <class name="Automation.ValidateTitle">
        <test-method is-config="true" signature="initialise()[pri:0, instance:Automation.ValidateTitle@5b7aa898]" started-at="2022-02-09T11:54:29 IST" name="initialise" finished-at="2022-02-09T11:55:07 IST" duration-ms="38614" status="PASS">
          <reporter-output>
          </reporter-output>
        </test-method> <!-- initialise -->
        <test-method signature="Validate_Title()[pri:0, instance:Automation.ValidateTitle@5b7aa898]" started-at="2022-02-09T11:55:07 IST" name="Validate_Title" finished-at="2022-02-09T11:55:07 IST" duration-ms="199" status="PASS">
          <reporter-output>
          </reporter-output>
        </test-method> <!-- Validate_Title -->
        <test-method is-config="true" signature="teardown()[pri:0, instance:Automation.ValidateTitle@5b7aa898]" started-at="2022-02-09T11:55:07 IST" name="teardown" finished-at="2022-02-09T11:55:08 IST" duration-ms="477" status="PASS">
          <reporter-output>
          </reporter-output>
        </test-method> <!-- teardown -->
      </class> <!-- Automation.ValidateTitle -->
    </test> <!-- Validating title in the homepage -->
  </suite> <!-- Suite -->
</testng-results>
